TN:
SF:D:/git/dubbha/angular-training/src/polyfills.ts
FNF:0
FNH:0
DA:46,1
DA:60,1
LF:2
LH:2
BRF:0
BRH:0
end_of_record
TN:
SF:D:/git/dubbha/angular-training/src/test.ts
FNF:0
FNH:0
DA:3,1
DA:4,1
DA:5,1
DA:13,1
DA:18,1
DA:20,1
LF:6
LH:6
BRF:0
BRH:0
end_of_record
TN:
SF:D:/git/dubbha/angular-training/src/app/app.component.ts
FN:24,(anonymous_4)
FN:31,AppComponent
FN:36,(anonymous_6)
FN:38,(anonymous_7)
FN:43,(anonymous_8)
FN:44,(anonymous_9)
FN:46,(anonymous_10)
FNF:7
FNH:6
FNDA:1,(anonymous_4)
FNDA:9,AppComponent
FNDA:6,(anonymous_6)
FNDA:18,(anonymous_7)
FNDA:6,(anonymous_8)
FNDA:12,(anonymous_9)
FNDA:0,(anonymous_10)
DA:1,1
DA:2,1
DA:3,1
DA:5,1
DA:8,1
DA:11,1
DA:13,1
DA:14,1
DA:16,1
DA:24,1
DA:32,9
DA:33,9
DA:36,1
DA:37,6
DA:38,18
DA:39,6
DA:40,6
DA:43,1
DA:44,6
DA:45,12
DA:46,12
DA:51,1
LF:22
LH:22
BRF:0
BRH:0
end_of_record
TN:
SF:D:/git/dubbha/angular-training/src/app/+store/index.ts
FNF:0
FNH:0
DA:1,1
DA:2,1
DA:3,1
DA:4,1
DA:5,1
LF:5
LH:5
BRF:0
BRH:0
end_of_record
TN:
SF:D:/git/dubbha/angular-training/src/app/+store/actions/app-settings.actions.ts
FN:3,(anonymous_0)
FN:7,(anonymous_2)
FN:9,Init
FNF:3
FNH:2
FNDA:1,(anonymous_0)
FNDA:1,(anonymous_2)
FNDA:0,Init
DA:3,1
DA:4,1
DA:5,1
DA:7,1
DA:8,0
DA:9,0
DA:10,1
LF:7
LH:5
BRF:0
BRH:0
end_of_record
TN:
SF:D:/git/dubbha/angular-training/src/app/+store/actions/index.ts
FNF:0
FNH:0
DA:1,1
DA:2,1
DA:3,1
LF:3
LH:3
BRF:0
BRH:0
end_of_record
TN:
SF:D:/git/dubbha/angular-training/src/app/+store/actions/products.actions.ts
FN:5,(anonymous_0)
FN:22,(anonymous_2)
FN:26,(anonymous_4)
FN:28,GetProductsSuccess
FN:31,(anonymous_6)
FN:33,GetProductsError
FN:36,(anonymous_8)
FN:38,AddProduct
FN:41,(anonymous_10)
FN:43,AddProductSuccess
FN:46,(anonymous_12)
FN:48,AddProductError
FN:51,(anonymous_14)
FN:53,RemoveProduct
FN:56,(anonymous_16)
FN:58,RemoveProductSuccess
FN:61,(anonymous_18)
FN:63,RemoveProductError
FN:66,(anonymous_20)
FN:68,UpdateProduct
FN:71,(anonymous_22)
FN:73,UpdateProductSuccess
FN:76,(anonymous_24)
FN:78,UpdateProductError
FN:81,(anonymous_26)
FN:83,SetSortKey
FN:86,(anonymous_28)
FN:88,SetSortOrder
FNF:28
FNH:17
FNDA:1,(anonymous_0)
FNDA:6,(anonymous_2)
FNDA:1,(anonymous_4)
FNDA:0,GetProductsSuccess
FNDA:1,(anonymous_6)
FNDA:0,GetProductsError
FNDA:1,(anonymous_8)
FNDA:0,AddProduct
FNDA:1,(anonymous_10)
FNDA:0,AddProductSuccess
FNDA:1,(anonymous_12)
FNDA:0,AddProductError
FNDA:1,(anonymous_14)
FNDA:0,RemoveProduct
FNDA:1,(anonymous_16)
FNDA:0,RemoveProductSuccess
FNDA:1,(anonymous_18)
FNDA:0,RemoveProductError
FNDA:1,(anonymous_20)
FNDA:0,UpdateProduct
FNDA:1,(anonymous_22)
FNDA:0,UpdateProductSuccess
FNDA:1,(anonymous_24)
FNDA:0,UpdateProductError
FNDA:1,(anonymous_26)
FNDA:4,SetSortKey
FNDA:1,(anonymous_28)
FNDA:4,SetSortOrder
DA:5,1
DA:6,1
DA:7,1
DA:8,1
DA:9,1
DA:10,1
DA:11,1
DA:12,1
DA:13,1
DA:14,1
DA:15,1
DA:16,1
DA:17,1
DA:18,1
DA:19,1
DA:20,1
DA:22,1
DA:23,5
DA:24,1
DA:26,1
DA:27,0
DA:28,0
DA:29,1
DA:31,1
DA:32,0
DA:33,0
DA:34,1
DA:36,1
DA:37,0
DA:38,0
DA:39,1
DA:41,1
DA:42,0
DA:43,0
DA:44,1
DA:46,1
DA:47,0
DA:48,0
DA:49,1
DA:51,1
DA:52,0
DA:53,0
DA:54,1
DA:56,1
DA:57,0
DA:58,0
DA:59,1
DA:61,1
DA:62,0
DA:63,0
DA:64,1
DA:66,1
DA:67,0
DA:68,0
DA:69,1
DA:71,1
DA:72,0
DA:73,0
DA:74,1
DA:76,1
DA:77,0
DA:78,0
DA:79,1
DA:81,1
DA:82,4
DA:83,4
DA:84,1
DA:86,1
DA:87,4
DA:88,4
DA:89,1
LF:71
LH:49
BRF:0
BRH:0
end_of_record
TN:
SF:D:/git/dubbha/angular-training/src/app/+store/actions/router.actions.ts
FN:4,(anonymous_0)
FN:10,(anonymous_2)
FN:12,Go
FN:20,(anonymous_4)
FN:24,(anonymous_6)
FNF:5
FNH:4
FNDA:1,(anonymous_0)
FNDA:1,(anonymous_2)
FNDA:0,Go
FNDA:1,(anonymous_4)
FNDA:1,(anonymous_6)
DA:4,1
DA:5,1
DA:6,1
DA:7,1
DA:8,1
DA:10,1
DA:11,0
DA:13,0
DA:18,1
DA:20,1
DA:21,0
DA:22,1
DA:24,1
DA:25,0
DA:26,1
LF:15
LH:11
BRF:0
BRH:0
end_of_record
TN:
SF:D:/git/dubbha/angular-training/src/app/+store/effects/index.ts
FNF:0
FNH:0
DA:1,1
DA:2,1
LF:2
LH:2
BRF:0
BRH:0
end_of_record
TN:
SF:D:/git/dubbha/angular-training/src/app/+store/effects/products.effects.ts
FN:17,(anonymous_2)
FN:18,ProductsEffects
FN:28,(anonymous_4)
FN:30,(anonymous_5)
FN:31,(anonymous_6)
FN:38,(anonymous_7)
FN:41,(anonymous_8)
FN:42,(anonymous_9)
FN:50,(anonymous_10)
FN:56,(anonymous_11)
FN:59,(anonymous_12)
FN:60,(anonymous_13)
FN:68,(anonymous_14)
FN:74,(anonymous_15)
FN:77,(anonymous_16)
FN:78,(anonymous_17)
FN:86,(anonymous_18)
FNF:17
FNH:1
FNDA:1,(anonymous_2)
FNDA:0,ProductsEffects
FNDA:0,(anonymous_4)
FNDA:0,(anonymous_5)
FNDA:0,(anonymous_6)
FNDA:0,(anonymous_7)
FNDA:0,(anonymous_8)
FNDA:0,(anonymous_9)
FNDA:0,(anonymous_10)
FNDA:0,(anonymous_11)
FNDA:0,(anonymous_12)
FNDA:0,(anonymous_13)
FNDA:0,(anonymous_14)
FNDA:0,(anonymous_15)
FNDA:0,(anonymous_16)
FNDA:0,(anonymous_17)
FNDA:0,(anonymous_18)
DA:1,1
DA:4,1
DA:5,1
DA:6,1
DA:7,1
DA:9,1
DA:10,1
DA:11,1
DA:12,1
DA:14,1
DA:17,1
DA:18,0
DA:19,0
DA:20,0
DA:22,0
DA:25,1
DA:29,0
DA:30,0
DA:31,0
DA:35,1
DA:39,0
DA:41,0
DA:42,0
DA:47,1
DA:50,0
DA:53,1
DA:57,0
DA:59,0
DA:60,0
DA:65,1
DA:68,0
DA:71,1
DA:75,0
DA:77,0
DA:78,0
DA:83,1
DA:86,0
DA:88,1
LF:38
LH:19
BRF:0
BRH:0
end_of_record
TN:
SF:D:/git/dubbha/angular-training/src/app/+store/effects/router.effects.ts
FN:12,(anonymous_3)
FN:35,RouterEffects
FN:17,(anonymous_5)
FN:18,(anonymous_6)
FN:26,(anonymous_7)
FN:32,(anonymous_8)
FNF:6
FNH:1
FNDA:1,(anonymous_3)
FNDA:0,RouterEffects
FNDA:0,(anonymous_5)
FNDA:0,(anonymous_6)
FNDA:0,(anonymous_7)
FNDA:0,(anonymous_8)
DA:1,1
DA:2,1
DA:3,1
DA:5,1
DA:6,1
DA:9,1
DA:12,1
DA:14,1
DA:17,0
DA:18,0
DA:19,0
DA:23,1
DA:26,0
DA:29,1
DA:32,0
DA:35,0
DA:36,0
DA:37,0
DA:38,0
DA:40,1
LF:20
LH:11
BRF:0
BRH:0
end_of_record
TN:
SF:D:/git/dubbha/angular-training/src/app/+store/reducers/app-settings.reducer.ts
FN:5,appSettingsReducer
FNF:1
FNH:1
FNDA:38,appSettingsReducer
DA:1,1
DA:2,1
DA:5,1
DA:6,44
DA:9,38
DA:11,0
DA:18,38
LF:7
LH:6
BRDA:6,0,0,6
BRDA:6,0,1,32
BRDA:10,1,0,0
BRDA:10,1,1,38
BRF:4
BRH:3
end_of_record
TN:
SF:D:/git/dubbha/angular-training/src/app/+store/reducers/index.ts
FNF:0
FNH:0
DA:1,1
DA:2,1
DA:3,1
LF:3
LH:3
BRF:0
BRH:0
end_of_record
TN:
SF:D:/git/dubbha/angular-training/src/app/+store/reducers/products.reducer.ts
FN:5,productsReducer
FNF:1
FNH:1
FNDA:14,productsReducer
DA:1,1
DA:2,1
DA:5,1
DA:6,14
DA:10,14
DA:15,4
DA:25,0
DA:26,0
DA:34,0
DA:36,0
DA:40,0
DA:42,0
DA:46,0
DA:48,0
DA:52,0
DA:54,0
DA:59,2
DA:63,2
DA:67,6
LF:19
LH:9
BRDA:6,0,0,0
BRDA:6,0,1,14
BRDA:11,1,0,4
BRDA:11,1,1,4
BRDA:11,1,2,4
BRDA:11,1,3,4
BRDA:11,1,4,0
BRDA:11,1,5,0
BRDA:11,1,6,0
BRDA:11,1,7,0
BRDA:11,1,8,0
BRDA:11,1,9,0
BRDA:11,1,10,0
BRDA:11,1,11,0
BRDA:11,1,12,2
BRDA:11,1,13,2
BRDA:11,1,14,6
BRF:17
BRH:8
end_of_record
TN:
SF:D:/git/dubbha/angular-training/src/app/+store/reducers/root.reducers.ts
FNF:0
FNH:0
DA:2,1
DA:6,1
DA:13,1
LF:3
LH:3
BRF:0
BRH:0
end_of_record
TN:
SF:D:/git/dubbha/angular-training/src/app/+store/selectors/index.ts
FNF:0
FNH:0
DA:1,1
DA:2,1
LF:2
LH:2
BRF:0
BRH:0
end_of_record
TN:
SF:D:/git/dubbha/angular-training/src/app/+store/selectors/products.selectors.ts
FN:18,(anonymous_0)
FN:26,(anonymous_1)
FN:27,(anonymous_2)
FN:33,(anonymous_3)
FN:40,(anonymous_4)
FN:43,(anonymous_5)
FNF:6
FNH:4
FNDA:8,(anonymous_0)
FNDA:8,(anonymous_1)
FNDA:8,(anonymous_2)
FNDA:6,(anonymous_3)
FNDA:0,(anonymous_4)
FNDA:0,(anonymous_5)
DA:1,1
DA:3,1
DA:4,1
DA:5,1
DA:7,1
DA:9,1
DA:14,1
DA:18,1
DA:19,8
DA:20,8
DA:21,0
DA:23,8
DA:26,8
DA:27,8
DA:29,1
DA:34,6
DA:37,1
DA:41,0
DA:42,0
DA:43,0
LF:20
LH:16
BRDA:20,0,0,0
BRDA:20,0,1,8
BRDA:20,1,0,8
BRDA:20,1,1,8
BRDA:42,2,0,0
BRDA:42,2,1,0
BRF:6
BRH:3
end_of_record
TN:
SF:D:/git/dubbha/angular-training/src/app/+store/selectors/router.selectors.ts
FNF:0
FNH:0
DA:1,1
DA:5,1
LF:2
LH:2
BRF:0
BRH:0
end_of_record
TN:
SF:D:/git/dubbha/angular-training/src/app/+store/state/app-settings.state.ts
FNF:0
FNH:0
DA:6,1
LF:1
LH:1
BRF:0
BRH:0
end_of_record
TN:
SF:D:/git/dubbha/angular-training/src/app/+store/state/app.state.ts
FNF:0
FNH:0
DA:4,1
DA:7,1
DA:14,1
LF:3
LH:3
BRF:0
BRH:0
end_of_record
TN:
SF:D:/git/dubbha/angular-training/src/app/+store/state/index.ts
FNF:0
FNH:0
DA:1,1
DA:2,1
DA:3,1
DA:4,1
LF:4
LH:4
BRF:0
BRH:0
end_of_record
TN:
SF:D:/git/dubbha/angular-training/src/app/+store/state/products.state.ts
FNF:0
FNH:0
DA:3,1
DA:14,1
DA:16,1
LF:3
LH:3
BRF:0
BRH:0
end_of_record
TN:
SF:D:/git/dubbha/angular-training/src/app/+store/state/router.state.ts
FN:24,(anonymous_0)
FN:25,(anonymous_2)
FNF:2
FNH:1
FNDA:1,(anonymous_0)
FNDA:0,(anonymous_2)
DA:4,1
DA:24,1
DA:25,1
DA:26,0
DA:27,0
DA:28,0
DA:29,0
DA:30,0
DA:32,0
DA:33,0
DA:35,1
DA:37,1
LF:12
LH:5
BRF:0
BRH:0
end_of_record
TN:
SF:D:/git/dubbha/angular-training/src/app/cart/cart.service.ts
FN:7,(anonymous_2)
FN:12,CartService
FN:18,(anonymous_4)
FN:22,(anonymous_5)
FN:34,(anonymous_6)
FN:37,(anonymous_7)
FN:45,(anonymous_8)
FN:56,(anonymous_9)
FN:57,(anonymous_10)
FN:62,(anonymous_11)
FN:63,(anonymous_12)
FN:66,(anonymous_13)
FN:67,(anonymous_14)
FN:70,(anonymous_15)
FN:75,(anonymous_16)
FN:82,(anonymous_17)
FN:83,(anonymous_18)
FN:87,(anonymous_19)
FN:91,(anonymous_20)
FN:99,(anonymous_21)
FN:103,(anonymous_22)
FNF:21
FNH:1
FNDA:1,(anonymous_2)
FNDA:0,CartService
FNDA:0,(anonymous_4)
FNDA:0,(anonymous_5)
FNDA:0,(anonymous_6)
FNDA:0,(anonymous_7)
FNDA:0,(anonymous_8)
FNDA:0,(anonymous_9)
FNDA:0,(anonymous_10)
FNDA:0,(anonymous_11)
FNDA:0,(anonymous_12)
FNDA:0,(anonymous_13)
FNDA:0,(anonymous_14)
FNDA:0,(anonymous_15)
FNDA:0,(anonymous_16)
FNDA:0,(anonymous_17)
FNDA:0,(anonymous_18)
FNDA:0,(anonymous_19)
FNDA:0,(anonymous_20)
FNDA:0,(anonymous_21)
FNDA:0,(anonymous_22)
DA:1,1
DA:4,1
DA:7,1
DA:8,0
DA:9,0
DA:10,0
DA:13,0
DA:15,0
DA:18,1
DA:20,0
DA:22,0
DA:30,0
DA:31,0
DA:34,1
DA:35,0
DA:37,0
DA:38,0
DA:39,0
DA:41,0
DA:43,0
DA:45,0
DA:46,0
DA:47,0
DA:49,0
DA:52,0
DA:53,0
DA:56,1
DA:57,0
DA:58,0
DA:59,0
DA:62,1
DA:63,0
DA:66,1
DA:67,0
DA:70,1
DA:71,0
DA:72,0
DA:75,1
DA:76,0
DA:77,0
DA:78,0
DA:79,0
DA:82,1
DA:83,0
DA:84,0
DA:87,1
DA:88,0
DA:91,1
DA:92,0
DA:93,0
DA:94,0
DA:95,0
DA:99,1
DA:100,0
DA:103,1
DA:104,0
DA:106,1
LF:57
LH:16
BRDA:20,0,0,0
BRDA:20,0,1,0
BRDA:23,1,0,0
BRDA:23,1,1,0
BRDA:34,2,0,0
BRDA:34,2,1,0
BRDA:36,3,0,0
BRDA:36,3,1,0
BRDA:38,4,0,0
BRDA:38,4,1,0
BRDA:38,5,0,0
BRDA:38,5,1,0
BRDA:46,6,0,0
BRDA:46,6,1,0
BRDA:84,7,0,0
BRDA:84,7,1,0
BRDA:93,8,0,0
BRDA:93,8,1,0
BRF:18
BRH:0
end_of_record
TN:
SF:D:/git/dubbha/angular-training/src/app/core/decorators/auto-unsubscribe.decorator.ts
FN:3,AutoUnsubscribe
FN:4,(anonymous_1)
FN:7,(anonymous_2)
FNF:3
FNH:3
FNDA:3,AutoUnsubscribe
FNDA:3,(anonymous_1)
FNDA:15,(anonymous_2)
DA:3,6
DA:4,3
DA:5,3
DA:7,3
DA:8,15
DA:10,15
DA:11,10
DA:14,15
DA:15,0
LF:9
LH:8
BRDA:3,0,0,3
BRDA:3,0,1,0
BRDA:10,1,0,10
BRDA:10,1,1,5
BRDA:14,2,0,0
BRDA:14,2,1,15
BRDA:14,3,0,15
BRDA:14,3,1,0
BRF:8
BRH:5
end_of_record
TN:
SF:D:/git/dubbha/angular-training/src/app/core/decorators/index.ts
FNF:0
FNH:0
DA:1,1
LF:1
LH:1
BRF:0
BRH:0
end_of_record
TN:
SF:D:/git/dubbha/angular-training/src/app/core/services/app-settings.service.ts
FN:17,(anonymous_2)
FN:19,AppSettingsService
FN:25,(anonymous_4)
FN:30,(anonymous_5)
FN:34,(anonymous_6)
FN:38,(anonymous_7)
FN:45,(anonymous_8)
FNF:7
FNH:1
FNDA:1,(anonymous_2)
FNDA:0,AppSettingsService
FNDA:0,(anonymous_4)
FNDA:0,(anonymous_5)
FNDA:0,(anonymous_6)
FNDA:0,(anonymous_7)
FNDA:0,(anonymous_8)
DA:1,1
DA:2,1
DA:4,1
DA:6,1
DA:11,1
DA:12,1
DA:14,1
DA:17,1
DA:20,0
DA:21,0
DA:22,0
DA:25,1
DA:26,0
DA:27,0
DA:28,0
DA:29,0
DA:30,0
DA:32,0
DA:35,0
DA:36,0
DA:39,0
DA:40,0
DA:45,1
DA:46,0
DA:53,1
LF:25
LH:11
BRDA:28,0,0,0
BRDA:28,0,1,0
BRF:2
BRH:0
end_of_record
TN:
SF:D:/git/dubbha/angular-training/src/app/core/services/constants.service.ts
FNF:0
FNH:0
DA:1,1
DA:3,1
DA:7,1
LF:3
LH:3
BRF:0
BRH:0
end_of_record
TN:
SF:D:/git/dubbha/angular-training/src/app/core/services/index.ts
FNF:0
FNH:0
DA:1,1
DA:2,1
DA:3,1
DA:4,1
DA:5,1
LF:5
LH:5
BRF:0
BRH:0
end_of_record
TN:
SF:D:/git/dubbha/angular-training/src/app/core/services/local-storage.service.ts
FN:5,(anonymous_2)
FN:8,LocalStorageService
FN:14,(anonymous_4)
FN:18,(anonymous_5)
FN:22,(anonymous_6)
FN:26,(anonymous_7)
FNF:6
FNH:1
FNDA:1,(anonymous_2)
FNDA:0,LocalStorageService
FNDA:0,(anonymous_4)
FNDA:0,(anonymous_5)
FNDA:0,(anonymous_6)
FNDA:0,(anonymous_7)
DA:1,1
DA:2,1
DA:5,1
DA:9,0
DA:11,0
DA:14,1
DA:15,0
DA:18,1
DA:19,0
DA:22,1
DA:23,0
DA:26,1
DA:27,0
DA:29,1
LF:14
LH:8
BRF:0
BRH:0
end_of_record
TN:
SF:D:/git/dubbha/angular-training/src/app/core/services/session-storage.service.ts
FN:6,(anonymous_2)
FN:9,SessionStorageService
FN:17,(anonymous_4)
FN:21,(anonymous_5)
FN:26,(anonymous_6)
FN:31,(anonymous_7)
FN:36,(anonymous_8)
FN:45,(anonymous_9)
FN:50,(anonymous_10)
FN:56,(anonymous_11)
FNF:10
FNH:1
FNDA:1,(anonymous_2)
FNDA:0,SessionStorageService
FNDA:0,(anonymous_4)
FNDA:0,(anonymous_5)
FNDA:0,(anonymous_6)
FNDA:0,(anonymous_7)
FNDA:0,(anonymous_8)
FNDA:0,(anonymous_9)
FNDA:0,(anonymous_10)
FNDA:0,(anonymous_11)
DA:1,1
DA:2,1
DA:3,1
DA:6,1
DA:10,0
DA:11,0
DA:13,0
DA:14,0
DA:17,1
DA:18,0
DA:21,1
DA:22,0
DA:23,0
DA:26,1
DA:27,0
DA:28,0
DA:31,1
DA:32,0
DA:33,0
DA:36,1
DA:37,0
DA:38,0
DA:39,0
DA:41,0
DA:42,0
DA:45,1
DA:46,0
DA:47,0
DA:50,0
DA:51,0
DA:52,0
DA:53,0
DA:54,0
DA:55,0
DA:56,0
DA:60,1
LF:36
LH:11
BRDA:46,0,0,0
BRDA:46,0,1,0
BRDA:51,1,0,0
BRDA:51,1,1,0
BRDA:53,2,0,0
BRDA:53,2,1,0
BRDA:53,3,0,0
BRDA:53,3,1,0
BRF:8
BRH:0
end_of_record
TN:
SF:D:/git/dubbha/angular-training/src/app/core/services/window-ref.service.ts
FN:3,getWindow
FN:8,(anonymous_2)
FN:9,(anonymous_4)
FNF:3
FNH:1
FNDA:0,getWindow
FNDA:1,(anonymous_2)
FNDA:0,(anonymous_4)
DA:1,1
DA:4,0
DA:8,1
DA:9,1
DA:10,0
DA:12,1
LF:6
LH:4
BRF:0
BRH:0
end_of_record
TN:
SF:D:/git/dubbha/angular-training/src/app/products/products.service.ts
FN:16,(anonymous_3)
FN:25,ProductService
FN:32,(anonymous_5)
FN:41,(anonymous_6)
FN:45,(anonymous_7)
FN:48,(anonymous_8)
FN:49,(anonymous_9)
FN:51,(anonymous_10)
FN:66,(anonymous_11)
FN:68,(anonymous_12)
FN:68,(anonymous_13)
FN:71,(anonymous_14)
FN:76,(anonymous_15)
FN:79,(anonymous_16)
FN:81,(anonymous_17)
FN:90,(anonymous_18)
FN:94,(anonymous_19)
FN:97,(anonymous_20)
FN:99,(anonymous_21)
FN:100,(anonymous_22)
FN:102,(anonymous_23)
FN:105,(anonymous_24)
FN:120,(anonymous_25)
FN:124,(anonymous_26)
FN:130,(anonymous_27)
FN:132,(anonymous_28)
FN:135,(anonymous_29)
FN:137,(anonymous_30)
FN:146,(anonymous_31)
FN:152,(anonymous_32)
FN:156,(anonymous_33)
FNF:31
FNH:19
FNDA:1,(anonymous_3)
FNDA:9,ProductService
FNDA:9,(anonymous_5)
FNDA:4,(anonymous_6)
FNDA:2,(anonymous_7)
FNDA:6,(anonymous_8)
FNDA:0,(anonymous_9)
FNDA:0,(anonymous_10)
FNDA:2,(anonymous_11)
FNDA:2,(anonymous_12)
FNDA:4,(anonymous_13)
FNDA:1,(anonymous_14)
FNDA:1,(anonymous_15)
FNDA:0,(anonymous_16)
FNDA:0,(anonymous_17)
FNDA:0,(anonymous_18)
FNDA:1,(anonymous_19)
FNDA:1,(anonymous_20)
FNDA:3,(anonymous_21)
FNDA:2,(anonymous_22)
FNDA:0,(anonymous_23)
FNDA:0,(anonymous_24)
FNDA:0,(anonymous_25)
FNDA:1,(anonymous_26)
FNDA:1,(anonymous_27)
FNDA:3,(anonymous_28)
FNDA:0,(anonymous_29)
FNDA:0,(anonymous_30)
FNDA:0,(anonymous_31)
FNDA:0,(anonymous_32)
FNDA:1,(anonymous_33)
DA:1,1
DA:2,1
DA:4,1
DA:6,1
DA:7,1
DA:8,1
DA:9,1
DA:16,1
DA:21,9
DA:25,9
DA:26,9
DA:27,9
DA:29,9
DA:30,9
DA:33,9
DA:34,9
DA:41,4
DA:42,4
DA:43,2
DA:46,2
DA:48,2
DA:49,6
DA:51,0
DA:54,6
DA:57,2
DA:58,2
DA:59,2
DA:62,2
DA:66,1
DA:67,2
DA:68,4
DA:71,1
DA:72,1
DA:74,1
DA:77,1
DA:79,1
DA:81,0
DA:84,1
DA:88,1
DA:90,0
DA:94,1
DA:95,1
DA:98,1
DA:99,3
DA:101,2
DA:102,0
DA:104,0
DA:106,0
DA:107,0
DA:109,0
DA:112,0
DA:117,2
DA:120,0
DA:124,1
DA:125,1
DA:126,1
DA:128,1
DA:131,1
DA:134,3
DA:135,1
DA:137,0
DA:140,1
DA:144,2
DA:145,0
DA:146,0
DA:149,2
DA:152,0
DA:156,1
DA:157,1
DA:159,1
LF:70
LH:56
BRDA:33,0,0,9
BRDA:33,0,1,0
BRDA:42,1,0,2
BRDA:42,1,1,2
BRDA:42,2,0,4
BRDA:42,2,1,2
BRDA:85,3,0,0
BRDA:85,3,1,1
BRDA:101,4,0,0
BRDA:101,4,1,2
BRDA:106,5,0,0
BRDA:106,5,1,0
BRDA:134,6,0,1
BRDA:134,6,1,2
BRDA:144,7,0,0
BRDA:144,7,1,2
BRF:16
BRH:10
end_of_record
TN:
SF:D:/git/dubbha/angular-training/src/app/products/product/product.model.ts
FN:3,(anonymous_0)
FN:4,Product
FNF:2
FNH:1
FNDA:1,(anonymous_0)
FNDA:0,Product
DA:3,1
DA:5,0
DA:6,0
DA:7,0
DA:8,0
DA:9,0
DA:10,0
DA:11,0
DA:12,0
DA:13,0
DA:15,0
DA:16,0
DA:17,0
DA:19,1
LF:14
LH:2
BRDA:15,0,0,0
BRDA:15,0,1,0
BRDA:16,1,0,0
BRDA:16,1,1,0
BRDA:17,2,0,0
BRDA:17,2,1,0
BRF:6
BRH:0
end_of_record
TN:
SF:D:/git/dubbha/angular-training/src/app/products/product-card/product-card.component.ts
FN:19,(anonymous_2)
FN:24,ProductCardComponent
FN:29,(anonymous_4)
FN:31,(anonymous_5)
FN:34,(anonymous_6)
FN:38,(anonymous_7)
FN:42,(anonymous_8)
FNF:7
FNH:1
FNDA:1,(anonymous_2)
FNDA:0,ProductCardComponent
FNDA:0,(anonymous_4)
FNDA:0,(anonymous_5)
FNDA:0,(anonymous_6)
FNDA:0,(anonymous_7)
FNDA:0,(anonymous_8)
DA:1,1
DA:3,1
DA:4,1
DA:5,1
DA:6,1
DA:11,1
DA:12,1
DA:19,1
DA:25,0
DA:26,0
DA:29,1
DA:30,0
DA:31,0
DA:34,1
DA:35,0
DA:38,1
DA:39,0
DA:42,1
DA:43,0
DA:50,1
LF:20
LH:13
BRF:0
BRH:0
end_of_record
TN:
SF:D:/git/dubbha/angular-training/src/app/products/product-list/product-list.component.ts
FN:25,(anonymous_2)
FN:33,ProductListComponent
FN:37,(anonymous_4)
FN:44,(anonymous_5)
FN:45,(anonymous_6)
FN:48,(anonymous_7)
FNF:6
FNH:6
FNDA:1,(anonymous_2)
FNDA:6,ProductListComponent
FNDA:4,(anonymous_4)
FNDA:5,(anonymous_5)
FNDA:5,(anonymous_6)
FNDA:2,(anonymous_7)
DA:1,1
DA:3,1
DA:4,1
DA:11,1
DA:14,1
DA:17,1
DA:25,1
DA:34,6
DA:37,4
DA:38,4
DA:40,4
DA:41,4
DA:43,4
DA:44,5
DA:45,5
DA:48,1
DA:50,2
DA:51,1
DA:53,1
DA:56,2
DA:57,2
DA:59,1
LF:22
LH:22
BRDA:50,0,0,1
BRDA:50,0,1,1
BRDA:51,1,0,0
BRDA:51,1,1,1
BRF:4
BRH:3
end_of_record
TN:
SF:D:/git/dubbha/angular-training/src/app/products/product-list/sort-products.pipe.ts
FN:8,(anonymous_1)
FN:9,(anonymous_3)
FN:12,(anonymous_4)
FNF:3
FNH:3
FNDA:8,(anonymous_1)
FNDA:14,(anonymous_3)
FNDA:20,(anonymous_4)
DA:1,1
DA:8,1
DA:9,16
DA:10,14
DA:12,14
DA:13,20
DA:15,5
DA:18,7
DA:21,6
DA:24,2
DA:28,1
LF:11
LH:11
BRDA:9,0,0,2
BRDA:9,0,1,12
BRDA:14,1,0,5
BRDA:14,1,1,7
BRDA:14,1,2,6
BRDA:14,1,3,2
BRDA:15,2,0,2
BRDA:15,2,1,3
BRDA:18,3,0,3
BRDA:18,3,1,4
BRDA:18,4,0,3
BRDA:18,4,1,0
BRDA:18,5,0,4
BRDA:18,5,1,0
BRDA:21,6,0,3
BRDA:21,6,1,3
BRDA:21,7,0,2
BRDA:21,7,1,1
BRDA:21,8,0,2
BRDA:21,8,1,1
BRF:20
BRH:18
end_of_record
TN:
SF:D:/git/dubbha/angular-training/src/app/testing-helpers/index.ts
FNF:0
FNH:0
DA:1,1
LF:1
LH:1
BRF:0
BRH:0
end_of_record
TN:
SF:D:/git/dubbha/angular-training/src/app/testing-helpers/router-stubs.ts
FN:7,(anonymous_2)
FN:6,ActivatedRouteStub
FN:13,(anonymous_4)
FN:14,(anonymous_5)
FN:19,(anonymous_6)
FN:25,(anonymous_7)
FN:26,(anonymous_9)
FN:27,(anonymous_10)
FN:38,(anonymous_11)
FN:30,RouterLinkStubDirective
FN:43,(anonymous_13)
FN:50,(anonymous_14)
FNF:12
FNH:5
FNDA:1,(anonymous_2)
FNDA:0,ActivatedRouteStub
FNDA:0,(anonymous_4)
FNDA:0,(anonymous_5)
FNDA:0,(anonymous_6)
FNDA:1,(anonymous_7)
FNDA:0,(anonymous_9)
FNDA:0,(anonymous_10)
FNDA:1,(anonymous_11)
FNDA:9,RouterLinkStubDirective
FNDA:0,(anonymous_13)
FNDA:19,(anonymous_14)
DA:1,1
DA:3,1
DA:7,1
DA:8,0
DA:11,0
DA:13,1
DA:15,0
DA:16,0
DA:19,1
DA:20,0
DA:22,1
DA:25,1
DA:26,1
DA:27,1
DA:28,1
DA:38,1
DA:40,1
DA:41,9
DA:43,1
DA:44,0
DA:46,1
DA:50,1
LF:22
LH:16
BRF:0
BRH:0
end_of_record
